<?xml version="1.0" encoding="utf-8"?><testsuites><testsuite errors="0" failures="10" hostname="NUC-817HVK1-VR" name="pytest" skipped="0" tests="10" time="0.085" timestamp="2019-10-29T05:58:30.382000"><testcase classname="tests.test_versions" file="tests\test_versions.py" line="25" name="test_external_versions_basic" time="0.000"><failure message="NameError: name &apos;ExternalVersions&apos; is not defined">def test_external_versions_basic():
        &quot;&quot;&quot;TODO: Add function docstring.&quot;&quot;&quot;
&gt;       ev = ExternalVersions()
E       NameError: name &apos;ExternalVersions&apos; is not defined

tests\test_versions.py:28: NameError</failure></testcase><testcase classname="tests.test_versions" file="tests\test_versions.py" line="89" name="test_external_versions_popular_packages[matplotlib]" time="0.001"><failure message="NameError: name &apos;ExternalVersions&apos; is not defined">modname = &apos;matplotlib&apos;

    @pytest.mark.parametrize(&quot;modname&quot;, [&apos;scipy&apos;, &apos;numpy&apos;, &apos;mvpa2&apos;, &apos;sklearn&apos;, &apos;statsmodels&apos;,
                                         &apos;pandas&apos;, &apos;matplotlib&apos;, &apos;psychopy&apos;])
    def test_external_versions_popular_packages(modname):
        &quot;&quot;&quot;TODO: Add function docstring.&quot;&quot;&quot;
&gt;       ev = ExternalVersions()
E       NameError: name &apos;ExternalVersions&apos; is not defined

tests\test_versions.py:94: NameError</failure></testcase><testcase classname="tests.test_versions" file="tests\test_versions.py" line="89" name="test_external_versions_popular_packages[mvpa2]" time="0.001"><failure message="NameError: name &apos;ExternalVersions&apos; is not defined">modname = &apos;mvpa2&apos;

    @pytest.mark.parametrize(&quot;modname&quot;, [&apos;scipy&apos;, &apos;numpy&apos;, &apos;mvpa2&apos;, &apos;sklearn&apos;, &apos;statsmodels&apos;,
                                         &apos;pandas&apos;, &apos;matplotlib&apos;, &apos;psychopy&apos;])
    def test_external_versions_popular_packages(modname):
        &quot;&quot;&quot;TODO: Add function docstring.&quot;&quot;&quot;
&gt;       ev = ExternalVersions()
E       NameError: name &apos;ExternalVersions&apos; is not defined

tests\test_versions.py:94: NameError</failure></testcase><testcase classname="tests.test_versions" file="tests\test_versions.py" line="89" name="test_external_versions_popular_packages[numpy]" time="0.001"><failure message="NameError: name &apos;ExternalVersions&apos; is not defined">modname = &apos;numpy&apos;

    @pytest.mark.parametrize(&quot;modname&quot;, [&apos;scipy&apos;, &apos;numpy&apos;, &apos;mvpa2&apos;, &apos;sklearn&apos;, &apos;statsmodels&apos;,
                                         &apos;pandas&apos;, &apos;matplotlib&apos;, &apos;psychopy&apos;])
    def test_external_versions_popular_packages(modname):
        &quot;&quot;&quot;TODO: Add function docstring.&quot;&quot;&quot;
&gt;       ev = ExternalVersions()
E       NameError: name &apos;ExternalVersions&apos; is not defined

tests\test_versions.py:94: NameError</failure></testcase><testcase classname="tests.test_versions" file="tests\test_versions.py" line="89" name="test_external_versions_popular_packages[pandas]" time="0.000"><failure message="NameError: name &apos;ExternalVersions&apos; is not defined">modname = &apos;pandas&apos;

    @pytest.mark.parametrize(&quot;modname&quot;, [&apos;scipy&apos;, &apos;numpy&apos;, &apos;mvpa2&apos;, &apos;sklearn&apos;, &apos;statsmodels&apos;,
                                         &apos;pandas&apos;, &apos;matplotlib&apos;, &apos;psychopy&apos;])
    def test_external_versions_popular_packages(modname):
        &quot;&quot;&quot;TODO: Add function docstring.&quot;&quot;&quot;
&gt;       ev = ExternalVersions()
E       NameError: name &apos;ExternalVersions&apos; is not defined

tests\test_versions.py:94: NameError</failure></testcase><testcase classname="tests.test_versions" file="tests\test_versions.py" line="89" name="test_external_versions_popular_packages[psychopy]" time="0.001"><failure message="NameError: name &apos;ExternalVersions&apos; is not defined">modname = &apos;psychopy&apos;

    @pytest.mark.parametrize(&quot;modname&quot;, [&apos;scipy&apos;, &apos;numpy&apos;, &apos;mvpa2&apos;, &apos;sklearn&apos;, &apos;statsmodels&apos;,
                                         &apos;pandas&apos;, &apos;matplotlib&apos;, &apos;psychopy&apos;])
    def test_external_versions_popular_packages(modname):
        &quot;&quot;&quot;TODO: Add function docstring.&quot;&quot;&quot;
&gt;       ev = ExternalVersions()
E       NameError: name &apos;ExternalVersions&apos; is not defined

tests\test_versions.py:94: NameError</failure></testcase><testcase classname="tests.test_versions" file="tests\test_versions.py" line="89" name="test_external_versions_popular_packages[scipy]" time="0.000"><failure message="NameError: name &apos;ExternalVersions&apos; is not defined">modname = &apos;scipy&apos;

    @pytest.mark.parametrize(&quot;modname&quot;, [&apos;scipy&apos;, &apos;numpy&apos;, &apos;mvpa2&apos;, &apos;sklearn&apos;, &apos;statsmodels&apos;,
                                         &apos;pandas&apos;, &apos;matplotlib&apos;, &apos;psychopy&apos;])
    def test_external_versions_popular_packages(modname):
        &quot;&quot;&quot;TODO: Add function docstring.&quot;&quot;&quot;
&gt;       ev = ExternalVersions()
E       NameError: name &apos;ExternalVersions&apos; is not defined

tests\test_versions.py:94: NameError</failure></testcase><testcase classname="tests.test_versions" file="tests\test_versions.py" line="89" name="test_external_versions_popular_packages[sklearn]" time="0.000"><failure message="NameError: name &apos;ExternalVersions&apos; is not defined">modname = &apos;sklearn&apos;

    @pytest.mark.parametrize(&quot;modname&quot;, [&apos;scipy&apos;, &apos;numpy&apos;, &apos;mvpa2&apos;, &apos;sklearn&apos;, &apos;statsmodels&apos;,
                                         &apos;pandas&apos;, &apos;matplotlib&apos;, &apos;psychopy&apos;])
    def test_external_versions_popular_packages(modname):
        &quot;&quot;&quot;TODO: Add function docstring.&quot;&quot;&quot;
&gt;       ev = ExternalVersions()
E       NameError: name &apos;ExternalVersions&apos; is not defined

tests\test_versions.py:94: NameError</failure></testcase><testcase classname="tests.test_versions" file="tests\test_versions.py" line="89" name="test_external_versions_popular_packages[statsmodels]" time="0.001"><failure message="NameError: name &apos;ExternalVersions&apos; is not defined">modname = &apos;statsmodels&apos;

    @pytest.mark.parametrize(&quot;modname&quot;, [&apos;scipy&apos;, &apos;numpy&apos;, &apos;mvpa2&apos;, &apos;sklearn&apos;, &apos;statsmodels&apos;,
                                         &apos;pandas&apos;, &apos;matplotlib&apos;, &apos;psychopy&apos;])
    def test_external_versions_popular_packages(modname):
        &quot;&quot;&quot;TODO: Add function docstring.&quot;&quot;&quot;
&gt;       ev = ExternalVersions()
E       NameError: name &apos;ExternalVersions&apos; is not defined

tests\test_versions.py:94: NameError</failure></testcase><testcase classname="tests.test_versions" file="tests\test_versions.py" line="72" name="test_external_versions_unknown" time="0.001"><failure message="NameError: name &apos;ExternalVersions&apos; is not defined">def test_external_versions_unknown():
        &quot;&quot;&quot;TODO: Add function docstring.&quot;&quot;&quot;
&gt;       assert str(ExternalVersions.UNKNOWN) == &apos;UNKNOWN&apos;
E       NameError: name &apos;ExternalVersions&apos; is not defined

tests\test_versions.py:75: NameError</failure></testcase></testsuite></testsuites>